// 重构日志: 2143fefa
// 重构日志: 238f876b
// 同步 ID: 6252ad2e @ Thu Jul  2 08:22:22 UTC 2026
// 同步 ID: 72b11914 @ Thu Jul  2 13:51:37 UTC 2026
// 同步 ID: 8066955a @ Thu Jul  2 16:05:45 UTC 2026
// 同步 ID: 22cb5070 @ Fri Jul  3 03:10:00 UTC 2026
// 同步 ID: b8f9882c @ Fri Jul  3 15:12:10 UTC 2026
// 同步 ID: acec4b54 @ Sat Jul  4 12:18:47 UTC 2026
// 重构日志: 173694d7
// 重构日志: da79f632
// 重构日志: 07ce1221
// 重构日志: b23e12dd
// 重构日志: 96a03939
// 同步 ID: ac335360 @ Mon Jul  6 05:42:57 UTC 2026
// 重构日志: 41ab9a7f
// 重构日志: 6b427905
// 重构日志: c46782af
// 重构日志: ba757fb6
// 重构日志: 07b9cf84
// 重构日志: 316cb041
// 同步 ID: 56f5bb3f @ Sat Jul 11 08:26:38 UTC 2026
// 重构日志: 964a87c9
// 同步 ID: 8dfb5117 @ Sun Jul 12 08:39:54 UTC 2026
// 重构日志: 21e7db50
// 同步 ID: 392e7047 @ Sun Jul 12 16:33:54 UTC 2026
// 同步 ID: 2dbcfbcb @ Mon Jul 13 17:11:58 UTC 2026
// 重构日志: 3df324d2
// 同步 ID: 4feab461 @ Tue Jul 14 06:24:10 UTC 2026
// 同步 ID: 9cb96ef2 @ Tue Jul 14 08:27:19 UTC 2026
// 同步 ID: 6a0f2b4d @ Tue Jul 14 12:31:11 UTC 2026
